Array
(
    [destination_addresses] => Array
        (
            [0] => 67020 Acciano AQ, Italy
        )

    [origin_addresses] => Array
        (
            [0] => P.za Duomo, 1, 67100 L'Aquila AQ, Italy
        )

    [rows] => Array
        (
            [0] => Array
                (
                    [elements] => Array
                        (
                            [0] => Array
                                (
                                    [distance] => Array
                                        (
                                            [text] => 39.9 km
                                            [value] => 39896
                                        )

                                    [duration] => Array
                                        (
                                            [text] => 48 mins
                                            [value] => 2909
                                        )

                                    [status] => OK
                                )

                        )

                )

        )

    [status] => OK
)
